<?xml version="1.0" encoding="UTF-8"?>
<!-- Generated by org.testng.reporters.JUnitReportReporter -->
<testsuite hostname="MSI" failures="0" tests="1" name="freshdaycarttest.LISTDROUP" time="39.819" errors="0" timestamp="2024-09-11T22:40:11 IST" skipped="0">
  <testcase classname="freshdaycarttest.LISTDROUP" name="test" time="39.819"/>
</testsuite> <!-- freshdaycarttest.LISTDROUP -->
