<?xml version="1.0" encoding="UTF-8"?>
<!-- Generated by org.testng.reporters.JUnitReportReporter -->
<testsuite hostname="MSI" failures="0" tests="1" name="freshdaycarttest.sdowndtest" time="164.961" errors="0" timestamp="2024-09-11T20:11:46 IST" skipped="0">
  <testcase classname="freshdaycarttest.sdowndtest" name="test" time="164.961"/>
</testsuite> <!-- freshdaycarttest.sdowndtest -->
