<?xml version="1.0" encoding="UTF-8"?>
<!-- Generated by org.testng.reporters.JUnitReportReporter -->
<testsuite hostname="MSI" failures="0" tests="1" name="freshdaycarttest.searchproduct" time="41.483" errors="0" timestamp="2024-09-11T22:39:15 IST" skipped="0">
  <testcase classname="freshdaycarttest.searchproduct" name="test" time="41.483"/>
</testsuite> <!-- freshdaycarttest.searchproduct -->
