<?xml version="1.0" encoding="UTF-8"?>
<!-- Generated by org.testng.reporters.JUnitReportReporter -->
<testsuite hostname="MSI" failures="0" tests="1" name="freshdaycarttest.fdctest" time="20.696" errors="0" timestamp="2024-09-10T13:32:59 IST" skipped="0">
  <testcase classname="freshdaycarttest.fdctest" name="test" time="20.696"/>
</testsuite> <!-- freshdaycarttest.fdctest -->
